This file contains any messages produced by compilers while
running configure, to aid debugging if configure makes a mistake.

It was created by libressl configure 2.1.2, which was
generated by GNU Autoconf 2.69.  Invocation command line was

  $ ./configure --prefix=/usr --with-pic=yes

## --------- ##
## Platform. ##
## --------- ##

hostname = Ironfist
uname -m = amd64
uname -r = 11.0-CURRENT
uname -s = FreeBSD
uname -v = FreeBSD 11.0-CURRENT #126 9058605(hardened/current/userlandenhanced)-dirty: Wed Dec 10 00:20:31 GMT 2014     root@Ironfist:/usr/obj/usr/src/sys/HARDENEDBSD 

/usr/bin/uname -p = amd64
/bin/uname -X     = unknown

/bin/arch              = unknown
/usr/bin/arch -k       = unknown
/usr/convex/getsysinfo = unknown
/usr/bin/hostinfo      = unknown
/bin/machine           = unknown
/usr/bin/oslevel       = unknown
/bin/universe          = unknown

PATH: /sbin
PATH: /bin
PATH: /usr/sbin
PATH: /usr/bin
PATH: /usr/games
PATH: /usr/local/sbin
PATH: /usr/local/bin
PATH: /root/bin


## ----------- ##
## Core tests. ##
## ----------- ##

configure:2309: checking build system type
configure:2323: result: x86_64-unknown-freebsd11.0
configure:2343: checking host system type
configure:2356: result: x86_64-unknown-freebsd11.0
configure:2392: checking for a BSD-compatible install
configure:2460: result: /usr/bin/install -c
configure:2471: checking whether build environment is sane
configure:2526: result: yes
configure:2677: checking for a thread-safe mkdir -p
configure:2716: result: ./install-sh -c -d
configure:2723: checking for gawk
configure:2753: result: no
configure:2723: checking for mawk
configure:2753: result: no
configure:2723: checking for nawk
configure:2739: found /usr/bin/nawk
configure:2750: result: nawk
configure:2761: checking whether make sets $(MAKE)
configure:2783: result: yes
configure:2812: checking whether make supports nested variables
configure:2829: result: yes
configure:2967: checking whether make supports nested variables
configure:2984: result: yes
configure:3091: checking for style of include used by make
configure:3119: result: GNU
configure:3190: checking for gcc
configure:3220: result: no
configure:3283: checking for cc
configure:3304: found /usr/bin/cc
configure:3327: result: cc
configure:3446: checking for C compiler version
configure:3455: cc --version >&5
FreeBSD clang version 3.4.1 (tags/RELEASE_34/dot1-final 208032) 20140512
Target: x86_64-unknown-freebsd11.0
Thread model: posix
configure:3466: $? = 0
configure:3455: cc -v >&5
FreeBSD clang version 3.4.1 (tags/RELEASE_34/dot1-final 208032) 20140512
Target: x86_64-unknown-freebsd11.0
Thread model: posix
Selected GCC installation: 
configure:3466: $? = 0
configure:3455: cc -V >&5
cc: error: argument to '-V' is missing (expected 1 value)
cc: error: no input files
configure:3466: $? = 1
configure:3455: cc -qversion >&5
cc: error: unknown argument: '-qversion'
cc: error: no input files
configure:3466: $? = 1
configure:3486: checking whether the C compiler works
configure:3508: cc  -Wall -std=gnu99 -g   conftest.c  >&5
configure:3512: $? = 0
configure:3560: result: yes
configure:3563: checking for C compiler default output file name
configure:3565: result: a.out
configure:3571: checking for suffix of executables
configure:3578: cc -o conftest  -Wall -std=gnu99 -g   conftest.c  >&5
configure:3582: $? = 0
configure:3604: result: 
configure:3626: checking whether we are cross compiling
configure:3634: cc -o conftest  -Wall -std=gnu99 -g   conftest.c  >&5
configure:3638: $? = 0
configure:3645: ./conftest
configure:3649: $? = 0
configure:3664: result: no
configure:3669: checking for suffix of object files
configure:3691: cc -c  -Wall -std=gnu99 -g  conftest.c >&5
configure:3695: $? = 0
configure:3716: result: o
configure:3720: checking whether we are using the GNU C compiler
configure:3739: cc -c  -Wall -std=gnu99 -g  conftest.c >&5
configure:3739: $? = 0
configure:3748: result: yes
configure:3757: checking whether cc accepts -g
configure:3777: cc -c -g  conftest.c >&5
configure:3777: $? = 0
configure:3818: result: yes
configure:3835: checking for cc option to accept ISO C89
configure:3898: cc  -c  -Wall -std=gnu99 -g  conftest.c >&5
configure:3898: $? = 0
configure:3911: result: none needed
configure:3936: checking whether cc understands -c and -o together
configure:3958: cc -c conftest.c -o conftest2.o
configure:3961: $? = 0
configure:3958: cc -c conftest.c -o conftest2.o
configure:3961: $? = 0
configure:3973: result: yes
configure:3992: checking dependency style of cc
configure:4103: result: gcc3
configure:4119: checking for clock_gettime
configure:4119: cc -o conftest  -Wall -std=gnu99 -g   conftest.c  >&5
configure:4119: $? = 0
configure:4119: result: yes
configure:4182: checking for dl_iterate_phdr
configure:4182: cc -o conftest  -Wall -std=gnu99 -g   conftest.c  >&5
configure:4182: $? = 0
configure:4182: result: yes
configure:4254: checking dependency style of cc
configure:4363: result: gcc3
configure:4682: checking for C compiler version
configure:4691: cc --version >&5
FreeBSD clang version 3.4.1 (tags/RELEASE_34/dot1-final 208032) 20140512
Target: x86_64-unknown-freebsd11.0
Thread model: posix
configure:4702: $? = 0
configure:4691: cc -v >&5
FreeBSD clang version 3.4.1 (tags/RELEASE_34/dot1-final 208032) 20140512
Target: x86_64-unknown-freebsd11.0
Thread model: posix
Selected GCC installation: 
configure:4702: $? = 0
configure:4691: cc -V >&5
cc: error: argument to '-V' is missing (expected 1 value)
cc: error: no input files
configure:4702: $? = 1
configure:4691: cc -qversion >&5
cc: error: unknown argument: '-qversion'
cc: error: no input files
configure:4702: $? = 1
configure:4706: checking whether we are using the GNU C compiler
configure:4734: result: yes
configure:4743: checking whether cc accepts -g
configure:4804: result: yes
configure:4821: checking for cc option to accept ISO C89
configure:4897: result: none needed
configure:4922: checking whether cc understands -c and -o together
configure:4959: result: yes
configure:4978: checking dependency style of cc
configure:5089: result: gcc3
configure:5150: checking how to print strings
configure:5177: result: printf
configure:5198: checking for a sed that does not truncate output
configure:5262: result: /usr/bin/sed
configure:5280: checking for grep that handles long lines and -e
configure:5338: result: /usr/bin/grep
configure:5343: checking for egrep
configure:5405: result: /usr/bin/grep -E
configure:5410: checking for fgrep
configure:5472: result: /usr/bin/grep -F
configure:5507: checking for ld used by cc
configure:5574: result: /usr/bin/ld
configure:5581: checking if the linker (/usr/bin/ld) is GNU ld
configure:5596: result: yes
configure:5608: checking for BSD- or MS-compatible name lister (nm)
configure:5657: result: /usr/bin/nm -B
configure:5787: checking the name lister (/usr/bin/nm -B) interface
configure:5794: cc -c  -Wall -std=gnu99 -g  conftest.c >&5
configure:5797: /usr/bin/nm -B "conftest.o"
configure:5800: output
0000000000000000 B some_variable
configure:5807: result: BSD nm
configure:5810: checking whether ln -s works
configure:5814: result: yes
configure:5822: checking the maximum length of command line arguments
configure:5953: result: 196608
configure:6001: checking how to convert x86_64-unknown-freebsd11.0 file names to x86_64-unknown-freebsd11.0 format
configure:6041: result: func_convert_file_noop
configure:6048: checking how to convert x86_64-unknown-freebsd11.0 file names to toolchain format
configure:6068: result: func_convert_file_noop
configure:6075: checking for /usr/bin/ld option to reload object files
configure:6082: result: -r
configure:6156: checking for objdump
configure:6172: found /usr/bin/objdump
configure:6183: result: objdump
configure:6215: checking how to recognize dependent libraries
configure:6412: result: pass_all
configure:6497: checking for dlltool
configure:6527: result: no
configure:6557: checking how to associate runtime and link libraries
configure:6584: result: printf %s\n
configure:6644: checking for ar
configure:6660: found /usr/bin/ar
configure:6671: result: ar
configure:6708: checking for archiver @FILE support
configure:6725: cc -c  -Wall -std=gnu99 -g  conftest.c >&5
configure:6725: $? = 0
configure:6728: ar cru libconftest.a @conftest.lst >&5
ar: warning: can't open file: @conftest.lst: No such file or directory
configure:6731: $? = 0
configure:6736: ar cru libconftest.a @conftest.lst >&5
ar: warning: can't open file: @conftest.lst: No such file or directory
configure:6739: $? = 0
configure:6751: result: no
configure:6809: checking for strip
configure:6825: found /usr/bin/strip
configure:6836: result: strip
configure:6908: checking for ranlib
configure:6924: found /usr/bin/ranlib
configure:6935: result: ranlib
configure:7037: checking command to parse /usr/bin/nm -B output from cc object
configure:7190: cc -c  -Wall -std=gnu99 -g  conftest.c >&5
configure:7193: $? = 0
configure:7197: /usr/bin/nm -B conftest.o \| sed -n -e 's/^.*[ ]\([ABCDGIRSTW][ABCDGIRSTW]*\)[ ][ ]*\([_A-Za-z][_A-Za-z0-9]*\)$/\1 \2 \2/p' | sed '/ __gnu_lto/d' \> conftest.nm
configure:7200: $? = 0
configure:7266: cc -o conftest  -Wall -std=gnu99 -g   conftest.c conftstm.o >&5
configure:7269: $? = 0
configure:7307: result: ok
configure:7354: checking for sysroot
configure:7384: result: no
configure:7697: checking for mt
configure:7713: found /usr/bin/mt
configure:7724: result: mt
configure:7747: checking if mt is a manifest tool
configure:7753: mt '-?'
mt: illegal option -- ?
usage: mt [-f device] command [count]
configure:7761: result: no
configure:8403: checking how to run the C preprocessor
configure:8434: cc -E  conftest.c
configure:8434: $? = 0
configure:8448: cc -E  conftest.c
conftest.c:11:10: fatal error: 'ac_nonexistent.h' file not found
#include <ac_nonexistent.h>
         ^
1 error generated.
configure:8448: $? = 1
configure: failed program was:
| /* confdefs.h */
| #define PACKAGE_NAME "libressl"
| #define PACKAGE_TARNAME "libressl"
| #define PACKAGE_VERSION "2.1.2"
| #define PACKAGE_STRING "libressl 2.1.2"
| #define PACKAGE_BUGREPORT ""
| #define PACKAGE_URL ""
| #define PACKAGE "libressl"
| #define VERSION "2.1.2"
| /* end confdefs.h.  */
| #include <ac_nonexistent.h>
configure:8473: result: cc -E
configure:8493: cc -E  conftest.c
configure:8493: $? = 0
configure:8507: cc -E  conftest.c
conftest.c:11:10: fatal error: 'ac_nonexistent.h' file not found
#include <ac_nonexistent.h>
         ^
1 error generated.
configure:8507: $? = 1
configure: failed program was:
| /* confdefs.h */
| #define PACKAGE_NAME "libressl"
| #define PACKAGE_TARNAME "libressl"
| #define PACKAGE_VERSION "2.1.2"
| #define PACKAGE_STRING "libressl 2.1.2"
| #define PACKAGE_BUGREPORT ""
| #define PACKAGE_URL ""
| #define PACKAGE "libressl"
| #define VERSION "2.1.2"
| /* end confdefs.h.  */
| #include <ac_nonexistent.h>
configure:8536: checking for ANSI C header files
configure:8556: cc -c  -Wall -std=gnu99 -g  conftest.c >&5
configure:8556: $? = 0
configure:8629: cc -o conftest  -Wall -std=gnu99 -g   conftest.c  >&5
configure:8629: $? = 0
configure:8629: ./conftest
configure:8629: $? = 0
configure:8640: result: yes
configure:8653: checking for sys/types.h
configure:8653: cc -c  -Wall -std=gnu99 -g  conftest.c >&5
configure:8653: $? = 0
configure:8653: result: yes
configure:8653: checking for sys/stat.h
configure:8653: cc -c  -Wall -std=gnu99 -g  conftest.c >&5
configure:8653: $? = 0
configure:8653: result: yes
configure:8653: checking for stdlib.h
configure:8653: cc -c  -Wall -std=gnu99 -g  conftest.c >&5
configure:8653: $? = 0
configure:8653: result: yes
configure:8653: checking for string.h
configure:8653: cc -c  -Wall -std=gnu99 -g  conftest.c >&5
configure:8653: $? = 0
configure:8653: result: yes
configure:8653: checking for memory.h
configure:8653: cc -c  -Wall -std=gnu99 -g  conftest.c >&5
configure:8653: $? = 0
configure:8653: result: yes
configure:8653: checking for strings.h
configure:8653: cc -c  -Wall -std=gnu99 -g  conftest.c >&5
configure:8653: $? = 0
configure:8653: result: yes
configure:8653: checking for inttypes.h
configure:8653: cc -c  -Wall -std=gnu99 -g  conftest.c >&5
configure:8653: $? = 0
configure:8653: result: yes
configure:8653: checking for stdint.h
configure:8653: cc -c  -Wall -std=gnu99 -g  conftest.c >&5
configure:8653: $? = 0
configure:8653: result: yes
configure:8653: checking for unistd.h
configure:8653: cc -c  -Wall -std=gnu99 -g  conftest.c >&5
configure:8653: $? = 0
configure:8653: result: yes
configure:8667: checking for dlfcn.h
configure:8667: cc -c  -Wall -std=gnu99 -g  conftest.c >&5
configure:8667: $? = 0
configure:8667: result: yes
configure:8871: checking for objdir
configure:8886: result: .libs
configure:9157: checking if cc supports -fno-rtti -fno-exceptions
configure:9175: cc -c  -Wall -std=gnu99 -g  -fno-rtti -fno-exceptions conftest.c >&5
configure:9179: $? = 0
configure:9192: result: yes
configure:9543: checking for cc option to produce PIC
configure:9550: result: -fpic -DPIC
configure:9558: checking if cc PIC flag -fpic -DPIC works
configure:9576: cc -c  -Wall -std=gnu99 -g  -fpic -DPIC -DPIC conftest.c >&5
configure:9580: $? = 0
configure:9593: result: yes
configure:9622: checking if cc static flag -static works
configure:9650: result: yes
configure:9665: checking if cc supports -c -o file.o
configure:9686: cc -c  -Wall -std=gnu99 -g  -o out/conftest2.o conftest.c >&5
configure:9690: $? = 0
configure:9712: result: yes
configure:9720: checking if cc supports -c -o file.o
configure:9767: result: yes
configure:9800: checking whether the cc linker (/usr/bin/ld) supports shared libraries
configure:10948: result: yes
configure:10985: checking whether -lc should be explicitly linked in
configure:10993: cc -c  -Wall -std=gnu99 -g  conftest.c >&5
configure:10996: $? = 0
configure:11011: cc -shared  -fpic -DPIC conftest.o  -v -Wl,-soname -Wl,conftest -o conftest 2\>\&1 \| /usr/bin/grep  -lc  \>/dev/null 2\>\&1
configure:11014: $? = 0
configure:11028: result: no
configure:11188: checking dynamic linker characteristics
configure:11927: result: freebsd11.0 ld.so
configure:12034: checking how to hardcode library paths into programs
configure:12059: result: immediate
configure:12607: checking whether stripping libraries is possible
configure:12612: result: yes
configure:12647: checking if libtool supports shared libraries
configure:12649: result: yes
configure:12652: checking whether to build shared libraries
configure:12673: result: yes
configure:12676: checking whether to build static libraries
configure:12680: result: yes
configure:12721: checking for cc option to accept ISO C99
configure:12870: cc  -c  -Wall -std=gnu99 -g  conftest.c >&5
configure:12870: $? = 0
configure:12883: result: none needed
configure:12991: checking for cc option to accept ISO Standard C
configure:13002: result: none needed
configure:13013: checking whether CC supports -Wno-pointer-sign
configure:13026: cc -c -Wno-pointer-sign  conftest.c >&5
configure:13026: $? = 0
configure:13027: result: yes
configure:13038: checking if compiling with clang
configure:13055: cc -c  -Wall -std=gnu99 -g -Wno-pointer-sign  conftest.c >&5
configure:13055: $? = 0
configure:13056: result: yes
configure:13071: checking for arc4random_buf
configure:13071: cc -o conftest  -Wall -std=gnu99 -g -Wno-pointer-sign    -Qunused-arguments conftest.c  >&5
configure:13071: $? = 0
configure:13071: result: yes
configure:13071: checking for asprintf
configure:13071: cc -o conftest  -Wall -std=gnu99 -g -Wno-pointer-sign    -Qunused-arguments conftest.c  >&5
conftest.c:58:18: warning: format string missing [-Wformat]
return asprintf ();
       ~~~~~~~~  ^
1 warning generated.
configure:13071: $? = 0
configure:13071: result: yes
configure:13071: checking for explicit_bzero
configure:13071: cc -o conftest  -Wall -std=gnu99 -g -Wno-pointer-sign    -Qunused-arguments conftest.c  >&5
configure:13071: $? = 0
configure:13071: result: yes
configure:13071: checking for funopen
configure:13071: cc -o conftest  -Wall -std=gnu99 -g -Wno-pointer-sign    -Qunused-arguments conftest.c  >&5
configure:13071: $? = 0
configure:13071: result: yes
configure:13071: checking for getauxval
configure:13071: cc -o conftest  -Wall -std=gnu99 -g -Wno-pointer-sign    -Qunused-arguments conftest.c  >&5
/tmp/conftest-76a493.o: In function `main':
/root/hardenedbsd/crypto/openssl/conftest.c:61: undefined reference to `getauxval'
cc: error: linker command failed with exit code 1 (use -v to see invocation)
configure:13071: $? = 1
configure: failed program was:
| /* confdefs.h */
| #define PACKAGE_NAME "libressl"
| #define PACKAGE_TARNAME "libressl"
| #define PACKAGE_VERSION "2.1.2"
| #define PACKAGE_STRING "libressl 2.1.2"
| #define PACKAGE_BUGREPORT ""
| #define PACKAGE_URL ""
| #define PACKAGE "libressl"
| #define VERSION "2.1.2"
| #define STDC_HEADERS 1
| #define HAVE_SYS_TYPES_H 1
| #define HAVE_SYS_STAT_H 1
| #define HAVE_STDLIB_H 1
| #define HAVE_STRING_H 1
| #define HAVE_MEMORY_H 1
| #define HAVE_STRINGS_H 1
| #define HAVE_INTTYPES_H 1
| #define HAVE_STDINT_H 1
| #define HAVE_UNISTD_H 1
| #define HAVE_DLFCN_H 1
| #define LT_OBJDIR ".libs/"
| #define HAVE_ARC4RANDOM_BUF 1
| #define HAVE_ASPRINTF 1
| #define HAVE_EXPLICIT_BZERO 1
| #define HAVE_FUNOPEN 1
| /* end confdefs.h.  */
| /* Define getauxval to an innocuous variant, in case <limits.h> declares getauxval.
|    For example, HP-UX 11i <limits.h> declares gettimeofday.  */
| #define getauxval innocuous_getauxval
| 
| /* System header to define __stub macros and hopefully few prototypes,
|     which can conflict with char getauxval (); below.
|     Prefer <limits.h> to <assert.h> if __STDC__ is defined, since
|     <limits.h> exists even on freestanding compilers.  */
| 
| #ifdef __STDC__
| # include <limits.h>
| #else
| # include <assert.h>
| #endif
| 
| #undef getauxval
| 
| /* Override any GCC internal prototype to avoid an error.
|    Use char because int might match the return type of a GCC
|    builtin and then its argument prototype would still apply.  */
| #ifdef __cplusplus
| extern "C"
| #endif
| char getauxval ();
| /* The GNU C library defines this for functions which it implements
|     to always fail with ENOSYS.  Some functions are actually named
|     something starting with __ and the normal name is an alias.  */
| #if defined __stub_getauxval || defined __stub___getauxval
| choke me
| #endif
| 
| int
| main ()
| {
| return getauxval ();
|   ;
|   return 0;
| }
configure:13071: result: no
configure:13083: checking for getentropy
configure:13083: cc -o conftest  -Wall -std=gnu99 -g -Wno-pointer-sign    -Qunused-arguments conftest.c  >&5
configure:13083: $? = 0
configure:13083: result: yes
configure:13083: checking for issetugid
configure:13083: cc -o conftest  -Wall -std=gnu99 -g -Wno-pointer-sign    -Qunused-arguments conftest.c  >&5
configure:13083: $? = 0
configure:13083: result: yes
configure:13083: checking for memmem
configure:13083: cc -o conftest  -Wall -std=gnu99 -g -Wno-pointer-sign    -Qunused-arguments conftest.c  >&5
configure:13083: $? = 0
configure:13083: result: yes
configure:13083: checking for poll
configure:13083: cc -o conftest  -Wall -std=gnu99 -g -Wno-pointer-sign    -Qunused-arguments conftest.c  >&5
configure:13083: $? = 0
configure:13083: result: yes
configure:13083: checking for reallocarray
configure:13083: cc -o conftest  -Wall -std=gnu99 -g -Wno-pointer-sign    -Qunused-arguments conftest.c  >&5
configure:13083: $? = 0
configure:13083: result: yes
configure:13095: checking for strlcat
configure:13095: cc -o conftest  -Wall -std=gnu99 -g -Wno-pointer-sign    -Qunused-arguments conftest.c  >&5
conftest.c:55:6: warning: incompatible redeclaration of library function 'strlcat' [-Wincompatible-library-redeclaration]
char strlcat ();
     ^
conftest.c:55:6: note: 'strlcat' is a builtin with type 'unsigned long (char *, const char *, unsigned long)'
1 warning generated.
configure:13095: $? = 0
configure:13095: result: yes
configure:13095: checking for strlcpy
configure:13095: cc -o conftest  -Wall -std=gnu99 -g -Wno-pointer-sign    -Qunused-arguments conftest.c  >&5
conftest.c:56:6: warning: incompatible redeclaration of library function 'strlcpy' [-Wincompatible-library-redeclaration]
char strlcpy ();
     ^
conftest.c:56:6: note: 'strlcpy' is a builtin with type 'unsigned long (char *, const char *, unsigned long)'
1 warning generated.
configure:13095: $? = 0
configure:13095: result: yes
configure:13095: checking for strndup
configure:13095: cc -o conftest  -Wall -std=gnu99 -g -Wno-pointer-sign    -Qunused-arguments conftest.c  >&5
conftest.c:57:6: warning: incompatible redeclaration of library function 'strndup' [-Wincompatible-library-redeclaration]
char strndup ();
     ^
conftest.c:57:6: note: 'strndup' is a builtin with type 'char *(const char *, unsigned long)'
1 warning generated.
configure:13095: $? = 0
configure:13095: result: yes
configure:13095: checking for strnlen
configure:13095: cc -o conftest  -Wall -std=gnu99 -g -Wno-pointer-sign    -Qunused-arguments conftest.c  >&5
configure:13095: $? = 0
configure:13095: result: yes
configure:13095: checking for strtonum
configure:13095: cc -o conftest  -Wall -std=gnu99 -g -Wno-pointer-sign    -Qunused-arguments conftest.c  >&5
configure:13095: $? = 0
configure:13095: result: yes
configure:13107: checking for timingsafe_bcmp
configure:13107: cc -o conftest  -Wall -std=gnu99 -g -Wno-pointer-sign    -Qunused-arguments conftest.c  >&5
configure:13107: $? = 0
configure:13107: result: yes
configure:13107: checking for timingsafe_memcmp
configure:13107: cc -o conftest  -Wall -std=gnu99 -g -Wno-pointer-sign    -Qunused-arguments conftest.c  >&5
configure:13107: $? = 0
configure:13107: result: yes
configure:13249: checking whether va_copy exists
configure:13269: cc -o conftest  -Wall -std=gnu99 -g -Wno-pointer-sign    -Qunused-arguments conftest.c  >&5
configure:13269: $? = 0
configure:13279: result: yes
configure:13287: checking whether __va_copy exists
configure:13307: cc -o conftest  -Wall -std=gnu99 -g -Wno-pointer-sign    -Qunused-arguments conftest.c  >&5
configure:13307: $? = 0
configure:13317: result: yes
configure:13328: checking sys/sysctl.h usability
configure:13328: cc -c  -Wall -std=gnu99 -g -Wno-pointer-sign   conftest.c >&5
configure:13328: $? = 0
configure:13328: result: yes
configure:13328: checking sys/sysctl.h presence
configure:13328: cc -E  conftest.c
configure:13328: $? = 0
configure:13328: result: yes
configure:13328: checking for sys/sysctl.h
configure:13328: result: yes
configure:13328: checking err.h usability
configure:13328: cc -c  -Wall -std=gnu99 -g -Wno-pointer-sign   conftest.c >&5
configure:13328: $? = 0
configure:13328: result: yes
configure:13328: checking err.h presence
configure:13328: cc -E  conftest.c
configure:13328: $? = 0
configure:13328: result: yes
configure:13328: checking for err.h
configure:13328: result: yes
configure:13560: checking that generated files are newer than configure
configure:13566: result: done
configure:13697: creating ./config.status

## ---------------------- ##
## Running config.status. ##
## ---------------------- ##

This file was extended by libressl config.status 2.1.2, which was
generated by GNU Autoconf 2.69.  Invocation command line was

  CONFIG_FILES    = 
  CONFIG_HEADERS  = 
  CONFIG_LINKS    = 
  CONFIG_COMMANDS = 
  $ ./config.status 

on Ironfist

config.status:1072: creating Makefile
config.status:1072: creating include/Makefile
config.status:1072: creating include/openssl/Makefile
config.status:1072: creating crypto/Makefile
config.status:1072: creating ssl/Makefile
config.status:1072: creating tls/Makefile
config.status:1072: creating tests/Makefile
config.status:1072: creating apps/Makefile
config.status:1072: creating man/Makefile
config.status:1072: creating libcrypto.pc
config.status:1072: creating libssl.pc
config.status:1072: creating openssl.pc
config.status:1244: executing depfiles commands
config.status:1244: executing libtool commands

## ---------------- ##
## Cache variables. ##
## ---------------- ##

ac_cv_build=x86_64-unknown-freebsd11.0
ac_cv_c_compiler_gnu=yes
ac_cv_env_CCASFLAGS_set=''
ac_cv_env_CCASFLAGS_value=''
ac_cv_env_CCAS_set=''
ac_cv_env_CCAS_value=''
ac_cv_env_CC_set=''
ac_cv_env_CC_value=''
ac_cv_env_CFLAGS_set=''
ac_cv_env_CFLAGS_value=''
ac_cv_env_CPPFLAGS_set=''
ac_cv_env_CPPFLAGS_value=''
ac_cv_env_CPP_set=''
ac_cv_env_CPP_value=''
ac_cv_env_LDFLAGS_set=''
ac_cv_env_LDFLAGS_value=''
ac_cv_env_LIBS_set=''
ac_cv_env_LIBS_value=''
ac_cv_env_build_alias_set=''
ac_cv_env_build_alias_value=''
ac_cv_env_host_alias_set=''
ac_cv_env_host_alias_value=''
ac_cv_env_target_alias_set=''
ac_cv_env_target_alias_value=''
ac_cv_func_arc4random_buf=yes
ac_cv_func_asprintf=yes
ac_cv_func_clock_gettime=yes
ac_cv_func_dl_iterate_phdr=yes
ac_cv_func_explicit_bzero=yes
ac_cv_func_funopen=yes
ac_cv_func_getauxval=no
ac_cv_func_getentropy=yes
ac_cv_func_issetugid=yes
ac_cv_func_memmem=yes
ac_cv_func_poll=yes
ac_cv_func_reallocarray=yes
ac_cv_func_strlcat=yes
ac_cv_func_strlcpy=yes
ac_cv_func_strndup=yes
ac_cv_func_strnlen=yes
ac_cv_func_strtonum=yes
ac_cv_func_timingsafe_bcmp=yes
ac_cv_func_timingsafe_memcmp=yes
ac_cv_have___va_copy=yes
ac_cv_have_va_copy=yes
ac_cv_header_dlfcn_h=yes
ac_cv_header_err_h=yes
ac_cv_header_inttypes_h=yes
ac_cv_header_memory_h=yes
ac_cv_header_stdc=yes
ac_cv_header_stdint_h=yes
ac_cv_header_stdlib_h=yes
ac_cv_header_string_h=yes
ac_cv_header_strings_h=yes
ac_cv_header_sys_stat_h=yes
ac_cv_header_sys_sysctl_h=yes
ac_cv_header_sys_types_h=yes
ac_cv_header_unistd_h=yes
ac_cv_host=x86_64-unknown-freebsd11.0
ac_cv_objext=o
ac_cv_path_EGREP='/usr/bin/grep -E'
ac_cv_path_FGREP='/usr/bin/grep -F'
ac_cv_path_GREP=/usr/bin/grep
ac_cv_path_SED=/usr/bin/sed
ac_cv_path_install='/usr/bin/install -c'
ac_cv_prog_AWK=nawk
ac_cv_prog_CC=cc
ac_cv_prog_CPP='cc -E'
ac_cv_prog_ac_ct_AR=ar
ac_cv_prog_ac_ct_MANIFEST_TOOL=mt
ac_cv_prog_ac_ct_OBJDUMP=objdump
ac_cv_prog_ac_ct_RANLIB=ranlib
ac_cv_prog_ac_ct_STRIP=strip
ac_cv_prog_cc_c89=''
ac_cv_prog_cc_c99=''
ac_cv_prog_cc_g=yes
ac_cv_prog_cc_stdc=''
ac_cv_prog_make_make_set=yes
am_cv_CCAS_dependencies_compiler_type=gcc3
am_cv_CC_dependencies_compiler_type=gcc3
am_cv_make_support_nested_variables=yes
am_cv_prog_cc_c_o=yes
lt_cv_ar_at_file=no
lt_cv_archive_cmds_need_lc=no
lt_cv_deplibs_check_method=pass_all
lt_cv_file_magic_cmd='$MAGIC_CMD'
lt_cv_file_magic_test_file=''
lt_cv_ld_reload_flag=-r
lt_cv_nm_interface='BSD nm'
lt_cv_objdir=.libs
lt_cv_path_LD=/usr/bin/ld
lt_cv_path_NM='/usr/bin/nm -B'
lt_cv_path_mainfest_tool=no
lt_cv_prog_compiler_c_o=yes
lt_cv_prog_compiler_pic='-fpic -DPIC'
lt_cv_prog_compiler_pic_works=yes
lt_cv_prog_compiler_rtti_exceptions=yes
lt_cv_prog_compiler_static_works=yes
lt_cv_prog_gnu_ld=yes
lt_cv_sharedlib_from_linklib_cmd='printf %s\n'
lt_cv_sys_global_symbol_pipe='sed -n -e '\''s/^.*[	 ]\([ABCDGIRSTW][ABCDGIRSTW]*\)[	 ][	 ]*\([_A-Za-z][_A-Za-z0-9]*\)$/\1 \2 \2/p'\'' | sed '\''/ __gnu_lto/d'\'
lt_cv_sys_global_symbol_to_c_name_address='sed -n -e '\''s/^: \(.*\) .*$/  {"\1", (void *) 0},/p'\'' -e '\''s/^[ABCDGIRSTW][ABCDGIRSTW]* .* \(.*\)$/  {"\1", (void *) \&\1},/p'\'
lt_cv_sys_global_symbol_to_c_name_address_lib_prefix='sed -n -e '\''s/^: \(.*\) .*$/  {"\1", (void *) 0},/p'\'' -e '\''s/^[ABCDGIRSTW][ABCDGIRSTW]* .* \(lib.*\)$/  {"\1", (void *) \&\1},/p'\'' -e '\''s/^[ABCDGIRSTW][ABCDGIRSTW]* .* \(.*\)$/  {"lib\1", (void *) \&\1},/p'\'
lt_cv_sys_global_symbol_to_cdecl='sed -n -e '\''s/^T .* \(.*\)$/extern int \1();/p'\'' -e '\''s/^[ABCDGIRSTW][ABCDGIRSTW]* .* \(.*\)$/extern char \1;/p'\'
lt_cv_sys_global_symbol_to_import=''
lt_cv_sys_max_cmd_len=196608
lt_cv_to_host_file_cmd=func_convert_file_noop
lt_cv_to_tool_file_cmd=func_convert_file_noop

## ----------------- ##
## Output variables. ##
## ----------------- ##

ACLOCAL='${SHELL} /root/hardenedbsd/crypto/openssl/missing aclocal-1.14'
AMDEPBACKSLASH='\'
AMDEP_FALSE='#'
AMDEP_TRUE=''
AMTAR='$${TAR-tar}'
AM_BACKSLASH='\'
AM_DEFAULT_V='$(AM_DEFAULT_VERBOSITY)'
AM_DEFAULT_VERBOSITY='0'
AM_V='$(V)'
AR='ar'
AUTOCONF='${SHELL} /root/hardenedbsd/crypto/openssl/missing autoconf'
AUTOHEADER='${SHELL} /root/hardenedbsd/crypto/openssl/missing autoheader'
AUTOMAKE='${SHELL} /root/hardenedbsd/crypto/openssl/missing automake-1.14'
AWK='nawk'
CC='cc'
CCAS='cc'
CCASDEPMODE='depmode=gcc3'
CCASFLAGS=' -Wall -std=gnu99 -g'
CCDEPMODE='depmode=gcc3'
CFLAGS=' -Wall -std=gnu99 -g -Wno-pointer-sign '
CPP='cc -E'
CPPFLAGS=''
CYGPATH_W='echo'
DEFS='-DPACKAGE_NAME=\"libressl\" -DPACKAGE_TARNAME=\"libressl\" -DPACKAGE_VERSION=\"2.1.2\" -DPACKAGE_STRING=\"libressl\ 2.1.2\" -DPACKAGE_BUGREPORT=\"\" -DPACKAGE_URL=\"\" -DPACKAGE=\"libressl\" -DVERSION=\"2.1.2\" -DSTDC_HEADERS=1 -DHAVE_SYS_TYPES_H=1 -DHAVE_SYS_STAT_H=1 -DHAVE_STDLIB_H=1 -DHAVE_STRING_H=1 -DHAVE_MEMORY_H=1 -DHAVE_STRINGS_H=1 -DHAVE_INTTYPES_H=1 -DHAVE_STDINT_H=1 -DHAVE_UNISTD_H=1 -DHAVE_DLFCN_H=1 -DLT_OBJDIR=\".libs/\" -DHAVE_ARC4RANDOM_BUF=1 -DHAVE_ASPRINTF=1 -DHAVE_EXPLICIT_BZERO=1 -DHAVE_FUNOPEN=1 -DHAVE_GETENTROPY=1 -DHAVE_ISSETUGID=1 -DHAVE_MEMMEM=1 -DHAVE_POLL=1 -DHAVE_REALLOCARRAY=1 -DHAVE_STRLCAT=1 -DHAVE_STRLCPY=1 -DHAVE_STRNDUP=1 -DHAVE_STRNLEN=1 -DHAVE_STRTONUM=1 -DHAVE_TIMINGSAFE_BCMP=1 -DHAVE_TIMINGSAFE_MEMCMP=1 -DHAVE_VA_COPY=1 -DHAVE___VA_COPY=1 -DHAVE_SYS_SYSCTL_H=1 -DHAVE_ERR_H=1'
DEPDIR='.deps'
DLLTOOL='false'
DSYMUTIL=''
DUMPBIN=''
ECHO_C=''
ECHO_N='-n'
ECHO_T=''
EGREP='/usr/bin/grep -E'
ENABLE_LIBTLS_FALSE=''
ENABLE_LIBTLS_TRUE='#'
EXEEXT=''
FGREP='/usr/bin/grep -F'
GREP='/usr/bin/grep'
HAVE_ARC4RANDOM_BUF_FALSE=''
HAVE_ARC4RANDOM_BUF_TRUE='#'
HAVE_ASPRINTF_FALSE='#'
HAVE_ASPRINTF_TRUE=''
HAVE_EXPLICIT_BZERO_FALSE='#'
HAVE_EXPLICIT_BZERO_TRUE=''
HAVE_GETENTROPY_FALSE='#'
HAVE_GETENTROPY_TRUE=''
HAVE_ISSETUGID_FALSE='#'
HAVE_ISSETUGID_TRUE=''
HAVE_MEMMEM_FALSE='#'
HAVE_MEMMEM_TRUE=''
HAVE_POLL_FALSE='#'
HAVE_POLL_TRUE=''
HAVE_REALLOCARRAY_FALSE='#'
HAVE_REALLOCARRAY_TRUE=''
HAVE_STRLCAT_FALSE='#'
HAVE_STRLCAT_TRUE=''
HAVE_STRLCPY_FALSE='#'
HAVE_STRLCPY_TRUE=''
HAVE_STRNDUP_FALSE='#'
HAVE_STRNDUP_TRUE=''
HAVE_STRNLEN_FALSE='#'
HAVE_STRNLEN_TRUE=''
HAVE_STRTONUM_FALSE='#'
HAVE_STRTONUM_TRUE=''
HAVE_TIMINGSAFE_BCMP_FALSE='#'
HAVE_TIMINGSAFE_BCMP_TRUE=''
HAVE_TIMINGSAFE_MEMCMP_FALSE='#'
HAVE_TIMINGSAFE_MEMCMP_TRUE=''
HOST_ASM_ELF_X86_64_FALSE='#'
HOST_ASM_ELF_X86_64_TRUE=''
HOST_ASM_MACOSX_X86_64_FALSE=''
HOST_ASM_MACOSX_X86_64_TRUE='#'
HOST_DARWIN_FALSE=''
HOST_DARWIN_TRUE='#'
HOST_FREEBSD_FALSE='#'
HOST_FREEBSD_TRUE=''
HOST_LINUX_FALSE=''
HOST_LINUX_TRUE='#'
HOST_SOLARIS_FALSE=''
HOST_SOLARIS_TRUE='#'
HOST_WIN_FALSE=''
HOST_WIN_TRUE='#'
INSTALL_DATA='${INSTALL} -m 644'
INSTALL_PROGRAM='${INSTALL}'
INSTALL_SCRIPT='${INSTALL}'
INSTALL_STRIP_PROGRAM='$(install_sh) -c -s'
LD='/usr/bin/ld'
LDFLAGS=' -Qunused-arguments'
LIBCRYPTO_VERSION='30:3:0'
LIBOBJS=''
LIBS=''
LIBSSL_VERSION='29:0:0'
LIBTLS_VERSION='1:0:0'
LIBTOOL='$(SHELL) $(top_builddir)/libtool'
LIPO=''
LN_S='ln -s'
LTLIBOBJS=''
MAKEINFO='${SHELL} /root/hardenedbsd/crypto/openssl/missing makeinfo'
MANIFEST_TOOL=':'
MKDIR_P='./install-sh -c -d'
NM='/usr/bin/nm -B'
NMEDIT=''
OBJDUMP='objdump'
OBJEXT='o'
OPENSSL_NO_ASM_FALSE=''
OPENSSL_NO_ASM_TRUE='#'
OTOOL64=''
OTOOL=''
PACKAGE='libressl'
PACKAGE_BUGREPORT=''
PACKAGE_NAME='libressl'
PACKAGE_STRING='libressl 2.1.2'
PACKAGE_TARNAME='libressl'
PACKAGE_URL=''
PACKAGE_VERSION='2.1.2'
PATH_SEPARATOR=':'
PLATFORM_LDADD=''
PROG_LDADD='-lthr'
RANLIB='ranlib'
SED='/usr/bin/sed'
SET_MAKE=''
SHELL='/bin/sh'
STRIP='strip'
USER_CFLAGS='-O2 '
VERSION='2.1.2'
ac_ct_AR='ar'
ac_ct_CC=''
ac_ct_DUMPBIN=''
am__EXEEXT_FALSE=''
am__EXEEXT_TRUE='#'
am__fastdepCCAS_FALSE='#'
am__fastdepCCAS_TRUE=''
am__fastdepCC_FALSE='#'
am__fastdepCC_TRUE=''
am__include='include'
am__isrc=''
am__leading_dot='.'
am__nodep='_no'
am__quote=''
am__tar='$${TAR-tar} chof - "$$tardir"'
am__untar='$${TAR-tar} xf -'
bindir='${exec_prefix}/bin'
build='x86_64-unknown-freebsd11.0'
build_alias=''
build_cpu='x86_64'
build_os='freebsd11.0'
build_vendor='unknown'
datadir='${datarootdir}'
datarootdir='${prefix}/share'
docdir='${datarootdir}/doc/${PACKAGE_TARNAME}'
dvidir='${docdir}'
exec_prefix='${prefix}'
host='x86_64-unknown-freebsd11.0'
host_alias=''
host_cpu='x86_64'
host_os='freebsd11.0'
host_vendor='unknown'
htmldir='${docdir}'
includedir='${prefix}/include'
infodir='${datarootdir}/info'
install_sh='${SHELL} /root/hardenedbsd/crypto/openssl/install-sh'
libdir='${exec_prefix}/lib'
libexecdir='${exec_prefix}/libexec'
localedir='${datarootdir}/locale'
localstatedir='${prefix}/var'
mandir='${datarootdir}/man'
mkdir_p='$(MKDIR_P)'
oldincludedir='/usr/include'
pdfdir='${docdir}'
prefix='/usr'
program_transform_name='s,x,x,'
psdir='${docdir}'
sbindir='${exec_prefix}/sbin'
sharedstatedir='${prefix}/com'
sysconfdir='${prefix}/etc'
target_alias=''

## ----------- ##
## confdefs.h. ##
## ----------- ##

/* confdefs.h */
#define PACKAGE_NAME "libressl"
#define PACKAGE_TARNAME "libressl"
#define PACKAGE_VERSION "2.1.2"
#define PACKAGE_STRING "libressl 2.1.2"
#define PACKAGE_BUGREPORT ""
#define PACKAGE_URL ""
#define PACKAGE "libressl"
#define VERSION "2.1.2"
#define STDC_HEADERS 1
#define HAVE_SYS_TYPES_H 1
#define HAVE_SYS_STAT_H 1
#define HAVE_STDLIB_H 1
#define HAVE_STRING_H 1
#define HAVE_MEMORY_H 1
#define HAVE_STRINGS_H 1
#define HAVE_INTTYPES_H 1
#define HAVE_STDINT_H 1
#define HAVE_UNISTD_H 1
#define HAVE_DLFCN_H 1
#define LT_OBJDIR ".libs/"
#define HAVE_ARC4RANDOM_BUF 1
#define HAVE_ASPRINTF 1
#define HAVE_EXPLICIT_BZERO 1
#define HAVE_FUNOPEN 1
#define HAVE_GETENTROPY 1
#define HAVE_ISSETUGID 1
#define HAVE_MEMMEM 1
#define HAVE_POLL 1
#define HAVE_REALLOCARRAY 1
#define HAVE_STRLCAT 1
#define HAVE_STRLCPY 1
#define HAVE_STRNDUP 1
#define HAVE_STRNLEN 1
#define HAVE_STRTONUM 1
#define HAVE_TIMINGSAFE_BCMP 1
#define HAVE_TIMINGSAFE_MEMCMP 1
#define HAVE_VA_COPY 1
#define HAVE___VA_COPY 1
#define HAVE_SYS_SYSCTL_H 1
#define HAVE_ERR_H 1

configure: exit 0
